Started GET "/" for 127.0.0.1 at 2017-12-02 15:39:37 +0100
Processing by StaticController#index as HTML
  Rendering static/index.html.erb within layouts/application
  Rendered static/index.html.erb within layouts/application (1.1ms)
Completed 200 OK in 1696ms (Views: 1499.7ms)


Started GET "/" for 127.0.0.1 at 2017-12-02 15:43:07 +0100
Processing by StaticController#index as HTML
  Rendering static/index.html.erb within layouts/application
  Rendered static/index.html.erb within layouts/application (0.4ms)
Completed 200 OK in 29ms (Views: 25.9ms)


Started GET "/" for 127.0.0.1 at 2017-12-02 15:43:59 +0100
Processing by StaticController#index as HTML
  Rendering static/index.html.erb within layouts/application
  Rendered static/index.html.erb within layouts/application (0.4ms)
Completed 200 OK in 21ms (Views: 18.9ms)


Started GET "/" for 127.0.0.1 at 2017-12-02 15:44:41 +0100
Processing by StaticController#index as HTML
  Rendering static/index.html.erb within layouts/application
  Rendered static/index.html.erb within layouts/application (0.3ms)
Completed 200 OK in 17ms (Views: 15.6ms)


Started GET "/" for 127.0.0.1 at 2017-12-02 15:45:08 +0100
Processing by StaticController#index as HTML
  Rendering static/index.html.erb within layouts/application
  Rendered static/index.html.erb within layouts/application (0.3ms)
Completed 200 OK in 19ms (Views: 17.0ms)


Started GET "/" for 127.0.0.1 at 2017-12-02 15:45:42 +0100
Processing by StaticController#index as HTML
  Rendering static/index.html.erb within layouts/application
  Rendered static/index.html.erb within layouts/application (0.5ms)
Completed 200 OK in 31ms (Views: 27.0ms)


Started GET "/" for 127.0.0.1 at 2017-12-02 15:46:10 +0100
Processing by StaticController#index as HTML
  Rendering static/index.html.erb within layouts/application
  Rendered static/index.html.erb within layouts/application (0.5ms)
Completed 200 OK in 28ms (Views: 24.4ms)


Started GET "/" for 127.0.0.1 at 2017-12-02 15:46:21 +0100
Processing by StaticController#index as HTML
  Rendering static/index.html.erb within layouts/application
  Rendered static/index.html.erb within layouts/application (0.3ms)
Completed 200 OK in 19ms (Views: 17.0ms)


Started GET "/" for 127.0.0.1 at 2017-12-02 15:46:30 +0100
Processing by StaticController#index as HTML
  Rendering static/index.html.erb within layouts/application
  Rendered static/index.html.erb within layouts/application (0.3ms)
Completed 200 OK in 27ms (Views: 25.0ms)


Started GET "/" for 127.0.0.1 at 2017-12-02 15:46:49 +0100
Processing by StaticController#index as HTML
  Rendering static/index.html.erb within layouts/application
  Rendered static/index.html.erb within layouts/application (0.4ms)
Completed 200 OK in 25ms (Views: 22.2ms)


Started GET "/" for 127.0.0.1 at 2017-12-02 15:49:33 +0100
Processing by StaticController#index as HTML
  Rendering static/index.html.erb within layouts/application
  Rendered static/index.html.erb within layouts/application (0.4ms)
Completed 200 OK in 29ms (Views: 26.0ms)


Started GET "/" for 127.0.0.1 at 2017-12-02 15:49:37 +0100
Processing by StaticController#index as HTML
  Rendering static/index.html.erb within layouts/application
  Rendered static/index.html.erb within layouts/application (0.4ms)
Completed 200 OK in 27ms (Views: 24.3ms)


Started GET "/" for 127.0.0.1 at 2017-12-02 15:50:25 +0100
Processing by StaticController#index as HTML
  Rendering static/index.html.erb within layouts/application
  Rendered static/index.html.erb within layouts/application (0.3ms)
Completed 200 OK in 34ms (Views: 31.5ms)


Started GET "/" for 127.0.0.1 at 2017-12-02 15:51:26 +0100
Processing by StaticController#index as HTML
  Rendering static/index.html.erb within layouts/application
  Rendered static/index.html.erb within layouts/application (0.3ms)
Completed 200 OK in 23ms (Views: 21.2ms)


Started GET "/" for 127.0.0.1 at 2017-12-02 15:52:02 +0100
Processing by StaticController#index as HTML
  Rendering static/index.html.erb within layouts/application
  Rendered static/index.html.erb within layouts/application (0.6ms)
Completed 200 OK in 25ms (Views: 22.6ms)


Started GET "/" for 127.0.0.1 at 2017-12-02 15:52:08 +0100
Processing by StaticController#index as HTML
  Rendering static/index.html.erb within layouts/application
  Rendered static/index.html.erb within layouts/application (0.3ms)
Completed 200 OK in 39ms (Views: 37.4ms)


Started GET "/" for 127.0.0.1 at 2017-12-02 15:52:15 +0100
Processing by StaticController#index as HTML
  Rendering static/index.html.erb within layouts/application
  Rendered static/index.html.erb within layouts/application (0.4ms)
Completed 200 OK in 42ms (Views: 36.8ms)


Started GET "/" for 127.0.0.1 at 2017-12-02 15:52:37 +0100
Processing by StaticController#index as HTML
  Rendering static/index.html.erb within layouts/application
  Rendered static/index.html.erb within layouts/application (0.3ms)
Completed 200 OK in 22ms (Views: 18.9ms)


Started GET "/" for 127.0.0.1 at 2017-12-02 15:52:47 +0100
Processing by StaticController#index as HTML
  Rendering static/index.html.erb within layouts/application
  Rendered static/index.html.erb within layouts/application (0.5ms)
Completed 200 OK in 34ms (Views: 29.9ms)


Started GET "/" for 127.0.0.1 at 2017-12-02 15:53:15 +0100
Processing by StaticController#index as HTML
  Rendering static/index.html.erb within layouts/application
  Rendered static/index.html.erb within layouts/application (0.3ms)
Completed 200 OK in 23ms (Views: 21.2ms)


Started GET "/" for 127.0.0.1 at 2017-12-02 15:57:05 +0100
Processing by StaticController#index as HTML
  Rendering static/index.html.erb within layouts/application
  Rendered static/index.html.erb within layouts/application (0.4ms)
Completed 200 OK in 27ms (Views: 23.8ms)


Started GET "/" for 127.0.0.1 at 2017-12-02 15:57:16 +0100
Processing by StaticController#index as HTML
  Rendering static/index.html.erb within layouts/application
  Rendered static/index.html.erb within layouts/application (0.4ms)
Completed 200 OK in 29ms (Views: 26.5ms)


Started GET "/" for 127.0.0.1 at 2017-12-02 15:59:14 +0100
Processing by StaticController#index as HTML
  Rendering static/index.html.erb within layouts/application
  Rendered static/index.html.erb within layouts/application (0.3ms)
Completed 200 OK in 33ms (Views: 31.4ms)


Started GET "/" for 127.0.0.1 at 2017-12-02 15:59:16 +0100
Processing by StaticController#index as HTML
  Rendering static/index.html.erb within layouts/application
  Rendered static/index.html.erb within layouts/application (0.3ms)
Completed 200 OK in 33ms (Views: 30.2ms)


Started GET "/" for 127.0.0.1 at 2017-12-02 15:59:17 +0100
Processing by StaticController#index as HTML
  Rendering static/index.html.erb within layouts/application
  Rendered static/index.html.erb within layouts/application (0.8ms)
Completed 200 OK in 30ms (Views: 27.6ms)


Started GET "/" for 127.0.0.1 at 2017-12-02 15:59:22 +0100
Processing by StaticController#index as HTML
  Rendering static/index.html.erb within layouts/application
  Rendered static/index.html.erb within layouts/application (0.3ms)
Completed 200 OK in 22ms (Views: 19.7ms)


Started GET "/" for 127.0.0.1 at 2017-12-02 15:59:33 +0100
Processing by StaticController#index as HTML
  Rendering static/index.html.erb within layouts/application
  Rendered static/index.html.erb within layouts/application (0.4ms)
Completed 200 OK in 24ms (Views: 21.4ms)


Started GET "/" for 127.0.0.1 at 2017-12-02 15:59:56 +0100
Processing by StaticController#index as HTML
  Rendering static/index.html.erb within layouts/application
  Rendered static/index.html.erb within layouts/application (0.4ms)
Completed 200 OK in 21ms (Views: 19.5ms)


Started GET "/" for 127.0.0.1 at 2017-12-02 16:00:45 +0100
Processing by StaticController#index as HTML
  Rendering static/index.html.erb within layouts/application
  Rendered static/index.html.erb within layouts/application (0.4ms)
Completed 200 OK in 27ms (Views: 24.7ms)


Started GET "/" for 127.0.0.1 at 2017-12-02 16:01:02 +0100
Processing by StaticController#index as HTML
  Rendering static/index.html.erb within layouts/application
  Rendered static/index.html.erb within layouts/application (0.9ms)
Completed 200 OK in 36ms (Views: 33.5ms)


Started GET "/" for 127.0.0.1 at 2017-12-02 16:07:40 +0100
Processing by StaticController#index as HTML
  Rendering static/index.html.erb within layouts/application
  Rendered static/index.html.erb within layouts/application (0.7ms)
Completed 200 OK in 43ms (Views: 39.0ms)


Started GET "/" for 127.0.0.1 at 2017-12-02 16:07:49 +0100
Processing by StaticController#index as HTML
  Rendering static/index.html.erb within layouts/application
  Rendered static/index.html.erb within layouts/application (0.4ms)
Completed 200 OK in 28ms (Views: 25.4ms)


Started GET "/" for 127.0.0.1 at 2017-12-02 16:09:44 +0100
Processing by StaticController#index as HTML
  Rendering static/index.html.erb within layouts/application
  Rendered static/index.html.erb within layouts/application (0.3ms)
Completed 200 OK in 21ms (Views: 18.9ms)


Started GET "/" for 127.0.0.1 at 2017-12-02 16:09:59 +0100
Processing by StaticController#index as HTML
  Rendering static/index.html.erb within layouts/application
  Rendered static/index.html.erb within layouts/application (0.3ms)
Completed 200 OK in 21ms (Views: 18.8ms)


Started GET "/" for 127.0.0.1 at 2017-12-02 16:10:13 +0100
Processing by StaticController#index as HTML
  Rendering static/index.html.erb within layouts/application
  Rendered static/index.html.erb within layouts/application (0.5ms)
Completed 200 OK in 24ms (Views: 22.2ms)


Started GET "/" for 127.0.0.1 at 2017-12-02 16:12:46 +0100
Processing by StaticController#index as HTML
  Rendering static/index.html.erb within layouts/application
  Rendered static/index.html.erb within layouts/application (0.3ms)
Completed 200 OK in 22ms (Views: 19.5ms)


Started GET "/" for 127.0.0.1 at 2017-12-02 16:12:54 +0100
Processing by StaticController#index as HTML
  Rendering static/index.html.erb within layouts/application
  Rendered static/index.html.erb within layouts/application (0.4ms)
Completed 200 OK in 29ms (Views: 26.5ms)


Started GET "/" for 127.0.0.1 at 2017-12-02 16:13:05 +0100
Processing by StaticController#index as HTML
  Rendering static/index.html.erb within layouts/application
  Rendered static/index.html.erb within layouts/application (0.4ms)
Completed 200 OK in 37ms (Views: 34.4ms)


Started GET "/" for 127.0.0.1 at 2017-12-02 16:13:18 +0100
Processing by StaticController#index as HTML
  Rendering static/index.html.erb within layouts/application
  Rendered static/index.html.erb within layouts/application (0.8ms)
Completed 200 OK in 29ms (Views: 26.5ms)


Started GET "/" for 127.0.0.1 at 2017-12-02 16:13:22 +0100
Processing by StaticController#index as HTML
  Rendering static/index.html.erb within layouts/application
  Rendered static/index.html.erb within layouts/application (0.4ms)
Completed 200 OK in 32ms (Views: 29.8ms)


Started GET "/" for 127.0.0.1 at 2017-12-02 16:13:32 +0100
Processing by StaticController#index as HTML
  Rendering static/index.html.erb within layouts/application
  Rendered static/index.html.erb within layouts/application (0.3ms)
Completed 200 OK in 26ms (Views: 24.1ms)


Started GET "/" for 127.0.0.1 at 2017-12-02 16:13:41 +0100
Processing by StaticController#index as HTML
  Rendering static/index.html.erb within layouts/application
  Rendered static/index.html.erb within layouts/application (0.4ms)
Completed 200 OK in 27ms (Views: 24.0ms)


Started GET "/" for 127.0.0.1 at 2017-12-02 16:14:00 +0100
Processing by StaticController#index as HTML
  Rendering static/index.html.erb within layouts/application
  Rendered static/index.html.erb within layouts/application (0.4ms)
Completed 200 OK in 35ms (Views: 32.9ms)


Started GET "/" for 127.0.0.1 at 2017-12-02 16:15:27 +0100
Processing by StaticController#index as HTML
  Rendering static/index.html.erb within layouts/application
  Rendered static/index.html.erb within layouts/application (0.3ms)
Completed 200 OK in 29ms (Views: 26.4ms)


Started GET "/" for 127.0.0.1 at 2017-12-02 16:16:00 +0100
Processing by StaticController#index as HTML
  Rendering static/index.html.erb within layouts/application
  Rendered static/index.html.erb within layouts/application (0.3ms)
Completed 200 OK in 23ms (Views: 20.8ms)


Started GET "/" for 127.0.0.1 at 2017-12-02 16:18:24 +0100
Processing by StaticController#index as HTML
  Rendering static/index.html.erb within layouts/application
  Rendered static/index.html.erb within layouts/application (0.7ms)
Completed 200 OK in 58ms (Views: 54.5ms)


Started GET "/" for 127.0.0.1 at 2017-12-02 16:18:36 +0100
Processing by StaticController#index as HTML
  Rendering static/index.html.erb within layouts/application
  Rendered static/index.html.erb within layouts/application (0.5ms)
Completed 200 OK in 29ms (Views: 26.3ms)


Started GET "/" for 127.0.0.1 at 2017-12-02 16:19:38 +0100
Processing by StaticController#index as HTML
  Rendering static/index.html.erb within layouts/application
  Rendered static/index.html.erb within layouts/application (0.3ms)
Completed 200 OK in 20ms (Views: 18.1ms)


Started GET "/" for 127.0.0.1 at 2017-12-02 16:20:48 +0100
Processing by StaticController#index as HTML
  Rendering static/index.html.erb within layouts/application
  Rendered static/index.html.erb within layouts/application (0.4ms)
Completed 200 OK in 28ms (Views: 25.2ms)


Started GET "/" for 127.0.0.1 at 2017-12-02 16:20:51 +0100
Processing by StaticController#index as HTML
  Rendering static/index.html.erb within layouts/application
  Rendered static/index.html.erb within layouts/application (0.4ms)
Completed 200 OK in 24ms (Views: 21.8ms)


Started GET "/" for 127.0.0.1 at 2017-12-02 16:21:24 +0100
Processing by StaticController#index as HTML
  Rendering static/index.html.erb within layouts/application
  Rendered static/index.html.erb within layouts/application (0.7ms)
Completed 200 OK in 49ms (Views: 43.6ms)


Started GET "/" for 127.0.0.1 at 2017-12-02 16:21:30 +0100
Processing by StaticController#index as HTML
  Rendering static/index.html.erb within layouts/application
  Rendered static/index.html.erb within layouts/application (0.4ms)
Completed 200 OK in 27ms (Views: 24.4ms)


Started GET "/" for 127.0.0.1 at 2017-12-02 16:24:42 +0100
Processing by StaticController#index as HTML
  Rendering static/index.html.erb within layouts/application
  Rendered static/index.html.erb within layouts/application (0.5ms)
Completed 200 OK in 28ms (Views: 25.7ms)


Started GET "/" for 127.0.0.1 at 2017-12-02 16:25:15 +0100
Processing by StaticController#index as HTML
  Rendering static/index.html.erb within layouts/application
  Rendered static/index.html.erb within layouts/application (0.3ms)
Completed 200 OK in 21ms (Views: 18.1ms)


Started GET "/" for 127.0.0.1 at 2017-12-02 16:25:21 +0100
Processing by StaticController#index as HTML
  Rendering static/index.html.erb within layouts/application
  Rendered static/index.html.erb within layouts/application (0.5ms)
Completed 200 OK in 51ms (Views: 48.0ms)


Started GET "/" for 127.0.0.1 at 2017-12-02 16:25:36 +0100
Processing by StaticController#index as HTML
  Rendering static/index.html.erb within layouts/application
  Rendered static/index.html.erb within layouts/application (0.4ms)
Completed 200 OK in 33ms (Views: 29.4ms)


Started GET "/" for 127.0.0.1 at 2017-12-02 16:25:46 +0100
Processing by StaticController#index as HTML
  Rendering static/index.html.erb within layouts/application
  Rendered static/index.html.erb within layouts/application (0.3ms)
Completed 200 OK in 29ms (Views: 26.8ms)


Started GET "/" for 127.0.0.1 at 2017-12-02 16:27:49 +0100
Processing by StaticController#index as HTML
  Rendering static/index.html.erb within layouts/application
  Rendered static/index.html.erb within layouts/application (0.3ms)
Completed 200 OK in 22ms (Views: 19.3ms)


Started GET "/" for 127.0.0.1 at 2017-12-02 16:28:17 +0100
Processing by StaticController#index as HTML
  Rendering static/index.html.erb within layouts/application
  Rendered static/index.html.erb within layouts/application (0.3ms)
Completed 200 OK in 17ms (Views: 15.9ms)


Started GET "/" for 127.0.0.1 at 2017-12-02 16:28:26 +0100
Processing by StaticController#index as HTML
  Rendering static/index.html.erb within layouts/application
  Rendered static/index.html.erb within layouts/application (0.3ms)
Completed 200 OK in 24ms (Views: 21.5ms)


Started GET "/" for 127.0.0.1 at 2017-12-02 16:29:30 +0100
Processing by StaticController#index as HTML
  Rendering static/index.html.erb within layouts/application
  Rendered static/index.html.erb within layouts/application (0.4ms)
Completed 200 OK in 21ms (Views: 19.7ms)


Started GET "/" for 127.0.0.1 at 2017-12-02 16:29:31 +0100
Processing by StaticController#index as HTML
  Rendering static/index.html.erb within layouts/application
  Rendered static/index.html.erb within layouts/application (0.4ms)
Completed 200 OK in 34ms (Views: 31.8ms)


Started GET "/" for 127.0.0.1 at 2017-12-02 16:30:57 +0100
Processing by StaticController#index as HTML
  Rendering static/index.html.erb within layouts/application
  Rendered static/index.html.erb within layouts/application (0.4ms)
Completed 200 OK in 29ms (Views: 26.6ms)


Started GET "/" for 127.0.0.1 at 2017-12-02 16:31:11 +0100
Processing by StaticController#index as HTML
  Rendering static/index.html.erb within layouts/application
  Rendered static/index.html.erb within layouts/application (0.5ms)
Completed 200 OK in 36ms (Views: 30.7ms)


Started GET "/" for 127.0.0.1 at 2017-12-02 16:31:21 +0100
Processing by StaticController#index as HTML
  Rendering static/index.html.erb within layouts/application
  Rendered static/index.html.erb within layouts/application (0.3ms)
Completed 200 OK in 24ms (Views: 21.1ms)


Started GET "/" for 127.0.0.1 at 2017-12-02 16:31:31 +0100
Processing by StaticController#index as HTML
  Rendering static/index.html.erb within layouts/application
  Rendered static/index.html.erb within layouts/application (0.6ms)
Completed 200 OK in 35ms (Views: 32.7ms)


Started GET "/" for 127.0.0.1 at 2017-12-02 16:32:17 +0100
Processing by StaticController#index as HTML
  Rendering static/index.html.erb within layouts/application
  Rendered static/index.html.erb within layouts/application (0.4ms)
Completed 200 OK in 20ms (Views: 18.0ms)


Started GET "/" for 127.0.0.1 at 2017-12-02 16:33:01 +0100
Processing by StaticController#index as HTML
  Rendering static/index.html.erb within layouts/application
  Rendered static/index.html.erb within layouts/application (0.3ms)
Completed 200 OK in 19ms (Views: 16.9ms)


Started GET "/" for 127.0.0.1 at 2017-12-02 16:33:44 +0100
Processing by StaticController#index as HTML
  Rendering static/index.html.erb within layouts/application
  Rendered static/index.html.erb within layouts/application (0.4ms)
Completed 200 OK in 20ms (Views: 17.9ms)


Started GET "/" for 127.0.0.1 at 2017-12-02 16:34:44 +0100
Processing by StaticController#index as HTML
  Rendering static/index.html.erb within layouts/application
  Rendered static/index.html.erb within layouts/application (0.4ms)
Completed 200 OK in 22ms (Views: 19.2ms)


Started GET "/" for 127.0.0.1 at 2017-12-02 16:35:40 +0100
Processing by StaticController#index as HTML
  Rendering static/index.html.erb within layouts/application
  Rendered static/index.html.erb within layouts/application (0.3ms)
Completed 200 OK in 24ms (Views: 22.2ms)


Started GET "/" for 127.0.0.1 at 2017-12-02 16:36:49 +0100
Processing by StaticController#index as HTML
  Rendering static/index.html.erb within layouts/application
  Rendered static/index.html.erb within layouts/application (0.4ms)
Completed 200 OK in 22ms (Views: 19.9ms)


Started GET "/" for 127.0.0.1 at 2017-12-02 16:38:14 +0100
Processing by StaticController#index as HTML
  Rendering static/index.html.erb within layouts/application
  Rendered static/index.html.erb within layouts/application (0.2ms)
Completed 200 OK in 17ms (Views: 15.7ms)


Started GET "/" for 127.0.0.1 at 2017-12-02 16:38:31 +0100
Processing by StaticController#index as HTML
  Rendering static/index.html.erb within layouts/application
  Rendered static/index.html.erb within layouts/application (0.3ms)
Completed 200 OK in 31ms (Views: 29.0ms)


Started GET "/" for 127.0.0.1 at 2017-12-02 16:38:37 +0100
Processing by StaticController#index as HTML
  Rendering static/index.html.erb within layouts/application
  Rendered static/index.html.erb within layouts/application (0.5ms)
Completed 200 OK in 29ms (Views: 27.2ms)


Started GET "/" for 127.0.0.1 at 2017-12-02 16:38:47 +0100
Processing by StaticController#index as HTML
  Rendering static/index.html.erb within layouts/application
  Rendered static/index.html.erb within layouts/application (0.4ms)
Completed 200 OK in 28ms (Views: 24.4ms)


Started GET "/" for 127.0.0.1 at 2017-12-02 16:39:24 +0100
Processing by StaticController#index as HTML
  Rendering static/index.html.erb within layouts/application
  Rendered static/index.html.erb within layouts/application (0.3ms)
Completed 200 OK in 23ms (Views: 20.4ms)


Started GET "/" for 127.0.0.1 at 2017-12-02 16:40:04 +0100
Processing by StaticController#index as HTML
  Rendering static/index.html.erb within layouts/application
  Rendered static/index.html.erb within layouts/application (0.3ms)
Completed 200 OK in 19ms (Views: 17.2ms)


Started GET "/" for 127.0.0.1 at 2017-12-02 16:40:10 +0100
Processing by StaticController#index as HTML
  Rendering static/index.html.erb within layouts/application
  Rendered static/index.html.erb within layouts/application (0.8ms)
Completed 200 OK in 28ms (Views: 26.0ms)


Started GET "/" for 127.0.0.1 at 2017-12-02 16:40:21 +0100
Processing by StaticController#index as HTML
  Rendering static/index.html.erb within layouts/application
  Rendered static/index.html.erb within layouts/application (0.4ms)
Completed 200 OK in 28ms (Views: 26.0ms)


Started GET "/" for 127.0.0.1 at 2017-12-02 16:41:23 +0100
Processing by StaticController#index as HTML
  Rendering static/index.html.erb within layouts/application
  Rendered static/index.html.erb within layouts/application (0.3ms)
Completed 200 OK in 22ms (Views: 19.9ms)


Started GET "/" for 127.0.0.1 at 2017-12-02 16:41:33 +0100
Processing by StaticController#index as HTML
  Rendering static/index.html.erb within layouts/application
  Rendered static/index.html.erb within layouts/application (1.4ms)
Completed 200 OK in 48ms (Views: 45.6ms)


Started GET "/" for 127.0.0.1 at 2017-12-02 16:42:50 +0100
Processing by StaticController#index as HTML
  Rendering static/index.html.erb within layouts/application
  Rendered static/index.html.erb within layouts/application (0.3ms)
Completed 200 OK in 23ms (Views: 21.3ms)


Started GET "/" for 127.0.0.1 at 2017-12-02 16:43:16 +0100
Processing by StaticController#index as HTML
  Rendering static/index.html.erb within layouts/application
  Rendered static/index.html.erb within layouts/application (1.1ms)
Completed 200 OK in 47ms (Views: 41.0ms)


Started GET "/" for 127.0.0.1 at 2017-12-02 16:43:29 +0100
Processing by StaticController#index as HTML
  Rendering static/index.html.erb within layouts/application
  Rendered static/index.html.erb within layouts/application (0.5ms)
Completed 200 OK in 34ms (Views: 32.1ms)


Started GET "/" for 127.0.0.1 at 2017-12-02 16:44:14 +0100
Processing by StaticController#index as HTML
  Rendering static/index.html.erb within layouts/application
  Rendered static/index.html.erb within layouts/application (0.5ms)
Completed 200 OK in 25ms (Views: 22.5ms)


Started GET "/" for 127.0.0.1 at 2017-12-02 16:45:20 +0100
Processing by StaticController#index as HTML
  Rendering static/index.html.erb within layouts/application
  Rendered static/index.html.erb within layouts/application (0.3ms)
Completed 200 OK in 21ms (Views: 18.8ms)


Started GET "/" for 127.0.0.1 at 2017-12-02 16:45:51 +0100
Processing by StaticController#index as HTML
  Rendering static/index.html.erb within layouts/application
  Rendered static/index.html.erb within layouts/application (0.3ms)
Completed 200 OK in 32ms (Views: 29.4ms)


Started GET "/" for 127.0.0.1 at 2017-12-02 16:47:12 +0100
Processing by StaticController#index as HTML
  Rendering static/index.html.erb within layouts/application
  Rendered static/index.html.erb within layouts/application (0.4ms)
Completed 200 OK in 29ms (Views: 26.0ms)


